2021-01-28 17:26:26,737  - Loading graph...
2021-01-28 17:26:26,742  - Graph loaded.
2021-01-28 17:26:26,742  - Converting graph to dict...
2021-01-28 17:26:26,742 Graph converted.
2021-01-28 17:26:26,743 Graph - Number of vertices: 131
2021-01-28 17:26:26,743 Graph - Number of edges: 1038.5
2021-01-28 17:26:32,984 Recovering variable...
2021-01-28 17:26:32,991 Variable recovered. Time: 0.00011668602625528972m
2021-01-28 17:26:32,991 Recovering variable...
2021-01-28 17:26:32,991 Variable recovered. Time: 0.0m
2021-01-28 17:26:32,992 Executing sort part 1...
2021-01-28 17:26:33,011 Executing sort part 2...
2021-01-28 17:26:33,014 Executing sort part 3...
2021-01-28 17:26:33,014 Executing sort part 4...
2021-01-28 17:26:33,014 Receiving results of sort...
2021-01-28 17:26:35,590 Part 1 Completed.
2021-01-28 17:26:35,591 Part 2 Completed.
2021-01-28 17:26:35,592 Part 3 Completed.
2021-01-28 17:26:35,592 Part 4 Completed.
2021-01-28 17:26:35,962 Executing sort part 1...
2021-01-28 17:26:35,981 Executing sort part 2...
2021-01-28 17:26:35,981 Executing sort part 3...
2021-01-28 17:26:35,981 Executing sort part 4...
2021-01-28 17:26:35,982 Receiving results of sort...
2021-01-28 17:26:38,560 Part 1 Completed.
2021-01-28 17:26:38,561 Part 2 Completed.
2021-01-28 17:26:38,563 Part 3 Completed.
2021-01-28 17:26:38,564 Part 4 Completed.
2021-01-28 17:26:38,912 Executing sort part 1...
2021-01-28 17:26:38,936 Executing sort part 2...
2021-01-28 17:26:38,937 Executing sort part 3...
2021-01-28 17:26:38,937 Executing sort part 4...
2021-01-28 17:26:38,937 Receiving results of sort...
2021-01-28 17:26:41,593 Part 1 Completed.
2021-01-28 17:26:41,644 Part 2 Completed.
2021-01-28 17:26:41,647 Part 3 Completed.
2021-01-28 17:26:41,682 Part 4 Completed.
2021-01-28 17:26:41,940 OPT1 cost. Time: 8.949000597000122s
2021-01-28 17:26:41,941 OPT1 cost2. Time: 3.0290024280548096s
